--- Startup times for process: Primary/TUI ---

times in msec
 clock   self+sourced   self:  sourced script
 clock   elapsed:              other lines

000.001  000.001: --- NVIM STARTING ---
000.086  000.086: event init
000.482  000.396: early init
001.257  000.775: locale set
001.315  000.058: init first window
001.745  000.430: inits 1
001.753  000.007: window checked
001.756  000.004: parsing arguments
002.517  000.040  000.040: require('vim.shared')
002.610  000.046  000.046: require('vim.inspect')
002.663  000.040  000.040: require('vim._options')
002.665  000.144  000.058: require('vim._editor')
002.667  000.248  000.064: require('vim._init_packages')
002.669  000.666: init lua interpreter
003.112  000.443: --- NVIM STARTED ---

--- Startup times for process: Embedded ---

times in msec
 clock   self+sourced   self:  sourced script
 clock   elapsed:              other lines

000.000  000.000: --- NVIM STARTING ---
000.056  000.055: event init
000.162  000.106: early init
000.513  000.351: locale set
000.547  000.034: init first window
000.807  000.261: inits 1
000.822  000.015: window checked
000.825  000.003: parsing arguments
001.242  000.032  000.032: require('vim.shared')
001.309  000.032  000.032: require('vim.inspect')
001.347  000.029  000.029: require('vim._options')
001.349  000.103  000.042: require('vim._editor')
001.350  000.190  000.054: require('vim._init_packages')
001.352  000.337: init lua interpreter
003.339  001.988: expanding arguments
003.352  000.013: inits 2
003.597  000.245: init highlight
003.598  000.001: waiting for UI
003.733  000.135: done waiting for UI
003.740  000.008: clear screen
003.812  000.007  000.007: require('vim.keymap')
004.635  000.890  000.883: require('vim._defaults')
004.638  000.007: init default mappings & autocommands
005.971  000.258  000.258: sourcing /opt/homebrew/Cellar/neovim/0.10.3/share/nvim/runtime/ftplugin.vim
006.360  000.194  000.194: sourcing /opt/homebrew/Cellar/neovim/0.10.3/share/nvim/runtime/indent.vim
007.436  000.033  000.033: require('vim.fs')
007.961  000.521  000.521: require('vim.uri')
007.974  000.597  000.044: require('vim.loader')
009.495  001.400  001.400: require('lazy')
009.526  000.015  000.015: require('ffi')
009.797  000.267  000.267: require('lazy.stats')
010.142  000.308  000.308: require('lazy.core.util')
010.435  000.291  000.291: require('lazy.core.config')
011.160  000.418  000.418: require('lazy.core.handler')
012.262  000.357  000.357: require('lazy.pkg')
012.271  000.715  000.358: require('lazy.core.meta')
012.284  001.122  000.407: require('lazy.core.plugin')
012.298  001.861  000.320: require('lazy.core.loader')
013.172  000.382  000.382: require('lazy.core.fragments')
014.595  000.254  000.254: require('lazy.core.handler.keys')
014.765  000.166  000.166: require('lazy.core.handler.cmd')
014.917  000.150  000.150: require('lazy.core.handler.event')
015.115  000.196  000.196: require('lazy.core.handler.ft')
015.916  000.456  000.456: sourcing /opt/homebrew/Cellar/neovim/0.10.3/share/nvim/runtime/filetype.lua
018.616  002.638  002.638: require('onedark')
020.252  000.246  000.246: require('onedark')
021.800  000.407  000.407: require('onedark.palette')
021.977  000.842  000.436: require('onedark.colors')
022.194  000.213  000.213: require('onedark.util')
022.253  001.622  000.566: require('onedark.highlights')
024.103  000.149  000.149: require('onedark.terminal')
024.111  004.396  002.379: sourcing /Users/ahzam/.local/share/nvim/lazy/onedark.nvim/colors/onedark.lua
025.809  000.680  000.680: require('Comment.config')
026.332  000.334  000.334: require('Comment.ft')
026.336  000.524  000.190: require('Comment.utils')
026.475  000.137  000.137: require('Comment.opfunc')
026.599  000.123  000.123: require('Comment.extra')
026.603  002.088  000.623: require('Comment.api')
026.696  002.397  000.309: sourcing /Users/ahzam/.local/share/nvim/lazy/Comment.nvim/plugin/Comment.lua
026.874  000.145  000.145: require('Comment')
028.084  000.269  000.269: require('nvim-tree.log')
028.844  000.150  000.150: require('nvim-tree.notify')
028.848  000.296  000.146: require('nvim-tree.events')
029.354  000.206  000.206: require('nvim-tree.iterators.node-iterator')
029.395  000.546  000.340: require('nvim-tree.utils')
029.416  001.329  000.488: require('nvim-tree.view')
030.065  000.146  000.146: require('nvim-tree.core')
030.427  000.178  000.178: require('nvim-tree.git.utils')
030.581  000.153  000.153: require('nvim-tree.renderer.components.devicons')
030.986  000.210  000.210: require('nvim-tree.classic')
030.991  000.408  000.199: require('nvim-tree.node')
030.997  000.930  000.192: require('nvim-tree.node.directory')
030.999  001.228  000.152: require('nvim-tree.actions.finders.find-file')
031.175  000.175  000.175: require('nvim-tree.actions.finders.search-node')
031.177  001.547  000.143: require('nvim-tree.actions.finders')
031.932  000.301  000.301: require('nvim-tree.node.file')
031.934  000.498  000.197: require('nvim-tree.actions.fs.create-file')
032.248  000.161  000.161: require('nvim-tree.lib')
032.524  000.135  000.135: require('nvim-tree.node.link')
032.530  000.280  000.145: require('nvim-tree.node.directory-link')
032.535  000.599  000.159: require('nvim-tree.actions.fs.remove-file')
032.704  000.168  000.168: require('nvim-tree.actions.fs.rename-file')
032.959  000.253  000.253: require('nvim-tree.actions.fs.trash')
032.966  001.787  000.269: require('nvim-tree.actions.fs')
033.802  000.326  000.326: require('nvim-tree.diagnostics')
033.805  000.592  000.266: require('nvim-tree.actions.moves.item')
033.976  000.171  000.171: require('nvim-tree.actions.moves.parent')
034.103  000.125  000.125: require('nvim-tree.actions.moves.sibling')
034.105  001.138  000.251: require('nvim-tree.actions.moves')
034.360  000.125  000.125: require('nvim-tree.actions.node.file-popup')
034.606  000.244  000.244: require('nvim-tree.actions.node.open-file')
034.760  000.153  000.153: require('nvim-tree.actions.node.run-command')
034.906  000.144  000.144: require('nvim-tree.actions.node.system-open')
035.039  000.132  000.132: require('nvim-tree.actions.node.buffer')
035.041  000.935  000.137: require('nvim-tree.actions.node')
035.293  000.128  000.128: require('nvim-tree.actions.root.change-dir')
035.415  000.120  000.120: require('nvim-tree.actions.root.dir-up')
035.417  000.375  000.126: require('nvim-tree.actions.root')
035.673  000.130  000.130: require('nvim-tree.actions.tree.find-file')
035.929  000.127  000.127: require('nvim-tree.actions.tree.modifiers.collapse-all')
036.128  000.198  000.198: require('nvim-tree.actions.tree.modifiers.expand-all')
036.129  000.455  000.130: require('nvim-tree.actions.tree.modifiers')
036.354  000.223  000.223: require('nvim-tree.actions.tree.open')
036.531  000.176  000.176: require('nvim-tree.actions.tree.toggle')
037.282  000.750  000.750: require('nvim-tree.actions.tree.resize')
037.285  001.867  000.133: require('nvim-tree.actions.tree')
037.286  007.869  000.221: require('nvim-tree.actions')
037.763  000.004  000.004: require('vim.F')
037.793  000.501  000.496: require('vim.diagnostic')
037.808  010.654  000.687: require('nvim-tree')
037.962  000.132  000.132: require('nvim-tree.legacy')
038.442  000.144  000.144: require('nvim-tree.keymap')
038.643  000.199  000.199: require('nvim-tree.appearance')
039.351  000.125  000.125: require('nvim-tree.buffers')
039.618  000.126  000.126: require('nvim-tree.git.runner')
039.815  000.195  000.195: require('nvim-tree.watcher')
039.820  000.467  000.146: require('nvim-tree.git')
040.190  000.239  000.239: require('nvim-tree.node.file-link')
040.192  000.371  000.132: require('nvim-tree.node.factory')
040.428  000.235  000.235: require('nvim-tree.node.root')
041.517  000.204  000.204: require('nvim-tree.enum')
041.523  001.094  000.889: require('nvim-tree.explorer.filters')
041.697  000.173  000.173: require('nvim-tree.marks')
041.852  000.153  000.153: require('nvim-tree.explorer.live-filter')
041.997  000.144  000.144: require('nvim-tree.explorer.sorter')
042.322  000.324  000.324: require('nvim-tree.actions.fs.clipboard')
043.147  000.184  000.184: require('nvim-tree.renderer.decorator')
043.152  000.370  000.186: require('nvim-tree.renderer.decorator.bookmarks')
043.305  000.152  000.152: require('nvim-tree.renderer.decorator.copied')
043.448  000.141  000.141: require('nvim-tree.renderer.decorator.cut')
043.601  000.152  000.152: require('nvim-tree.renderer.decorator.diagnostics')
043.772  000.170  000.170: require('nvim-tree.renderer.decorator.git')
043.938  000.165  000.165: require('nvim-tree.renderer.decorator.hidden')
044.129  000.190  000.190: require('nvim-tree.renderer.decorator.modified')
044.323  000.193  000.193: require('nvim-tree.renderer.decorator.opened')
044.482  000.158  000.158: require('nvim-tree.renderer.decorator.user')
044.705  000.222  000.222: require('nvim-tree.renderer.components.padding')
044.797  002.257  000.345: require('nvim-tree.renderer.builder')
044.846  002.521  000.264: require('nvim-tree.renderer')
044.901  005.911  000.306: require('nvim-tree.explorer')
045.048  000.145  000.145: require('nvim-tree.explorer.watch')
045.347  000.155  000.155: require('nvim-tree.renderer.components.full-name')
045.350  000.295  000.141: require('nvim-tree.renderer.components')
045.523  000.166  000.166: require('nvim-tree.help')
045.979  000.277  000.277: require('nvim-tree.appearance.hi-test')
046.042  000.517  000.241: require('nvim-tree.api')
046.414  000.348  000.348: require('nvim-tree.commands')
047.483  000.706  000.706: sourcing /Users/ahzam/.local/share/nvim/lazy/vim-sleuth/plugin/sleuth.vim
048.024  000.283  000.283: sourcing /opt/homebrew/Cellar/neovim/0.10.3/share/nvim/runtime/plugin/editorconfig.lua
048.333  000.236  000.236: sourcing /opt/homebrew/Cellar/neovim/0.10.3/share/nvim/runtime/plugin/gzip.vim
048.722  000.310  000.310: sourcing /opt/homebrew/Cellar/neovim/0.10.3/share/nvim/runtime/plugin/man.lua
049.672  000.335  000.335: sourcing /opt/homebrew/Cellar/neovim/0.10.3/share/nvim/runtime/pack/dist/opt/matchit/plugin/matchit.vim
049.689  000.901  000.567: sourcing /opt/homebrew/Cellar/neovim/0.10.3/share/nvim/runtime/plugin/matchit.vim
050.080  000.319  000.319: sourcing /opt/homebrew/Cellar/neovim/0.10.3/share/nvim/runtime/plugin/matchparen.vim
050.652  000.502  000.502: sourcing /opt/homebrew/Cellar/neovim/0.10.3/share/nvim/runtime/plugin/netrwPlugin.vim
050.959  000.239  000.239: sourcing /opt/homebrew/Cellar/neovim/0.10.3/share/nvim/runtime/plugin/osc52.lua
051.441  000.143  000.143: sourcing /Users/ahzam/.local/share/nvim/rplugin.vim
051.448  000.414  000.272: sourcing /opt/homebrew/Cellar/neovim/0.10.3/share/nvim/runtime/plugin/rplugin.vim
051.716  000.177  000.177: sourcing /opt/homebrew/Cellar/neovim/0.10.3/share/nvim/runtime/plugin/shada.vim
051.956  000.110  000.110: sourcing /opt/homebrew/Cellar/neovim/0.10.3/share/nvim/runtime/plugin/spellfile.vim
052.874  000.803  000.803: sourcing /opt/homebrew/Cellar/neovim/0.10.3/share/nvim/runtime/plugin/tarPlugin.vim
053.239  000.243  000.243: sourcing /opt/homebrew/Cellar/neovim/0.10.3/share/nvim/runtime/plugin/tohtml.lua
053.392  000.041  000.041: sourcing /opt/homebrew/Cellar/neovim/0.10.3/share/nvim/runtime/plugin/tutor.vim
053.630  000.125  000.125: sourcing /opt/homebrew/Cellar/neovim/0.10.3/share/nvim/runtime/plugin/zipPlugin.vim
053.762  047.271  007.432: sourcing /Users/ahzam/.config/nvim/init.lua
053.774  001.413: sourcing vimrc file(s)
054.062  000.050  000.050: sourcing /opt/homebrew/Cellar/neovim/0.10.3/share/nvim/runtime/filetype.lua
054.549  000.165  000.165: sourcing /opt/homebrew/Cellar/neovim/0.10.3/share/nvim/runtime/syntax/synload.vim
054.606  000.455  000.289: sourcing /opt/homebrew/Cellar/neovim/0.10.3/share/nvim/runtime/syntax/syntax.vim
054.613  000.334: inits 3
056.268  001.655: reading ShaDa
056.329  000.061: opening buffers
056.354  000.024: BufEnter autocommands
056.359  000.005: editing files in windows
056.394  000.035: VimEnter autocommands
056.417  000.024: UIEnter autocommands
056.821  000.298  000.298: sourcing /opt/homebrew/Cellar/neovim/0.10.3/share/nvim/runtime/autoload/provider/clipboard.vim
056.826  000.110: before starting main loop
057.203  000.377: first screen update
057.204  000.001: --- NVIM STARTED ---

--- Startup times for process: Primary/TUI ---

times in msec
 clock   self+sourced   self:  sourced script
 clock   elapsed:              other lines

000.000  000.000: --- NVIM STARTING ---
000.073  000.072: event init
000.220  000.147: early init
000.712  000.492: locale set
000.753  000.041: init first window
001.135  000.382: inits 1
001.141  000.006: window checked
001.145  000.003: parsing arguments
001.650  000.040  000.040: require('vim.shared')
001.728  000.038  000.038: require('vim.inspect')
001.772  000.033  000.033: require('vim._options')
001.775  000.122  000.050: require('vim._editor')
001.777  000.226  000.064: require('vim._init_packages')
001.779  000.409: init lua interpreter
002.204  000.425: --- NVIM STARTED ---

--- Startup times for process: Embedded ---

times in msec
 clock   self+sourced   self:  sourced script
 clock   elapsed:              other lines

000.000  000.000: --- NVIM STARTING ---
000.047  000.046: event init
000.146  000.099: early init
000.456  000.310: locale set
000.482  000.026: init first window
000.721  000.238: inits 1
000.733  000.012: window checked
000.736  000.003: parsing arguments
001.115  000.030  000.030: require('vim.shared')
001.180  000.032  000.032: require('vim.inspect')
001.218  000.028  000.028: require('vim._options')
001.219  000.102  000.041: require('vim._editor')
001.221  000.181  000.050: require('vim._init_packages')
001.222  000.306: init lua interpreter
002.613  001.391: expanding arguments
002.623  000.010: inits 2
002.859  000.236: init highlight
002.860  000.001: waiting for UI
002.981  000.121: done waiting for UI
002.989  000.008: clear screen
003.049  000.006  000.006: require('vim.keymap')
003.776  000.785  000.778: require('vim._defaults')
003.778  000.004: init default mappings & autocommands
004.891  000.047  000.047: sourcing /opt/homebrew/Cellar/neovim/0.10.3/share/nvim/runtime/ftplugin.vim
005.096  000.023  000.023: sourcing /opt/homebrew/Cellar/neovim/0.10.3/share/nvim/runtime/indent.vim
005.928  000.036  000.036: require('vim.fs')
006.267  000.335  000.335: require('vim.uri')
006.277  000.414  000.043: require('vim.loader')
008.607  002.204  002.204: require('lazy')
008.633  000.013  000.013: require('ffi')
008.799  000.162  000.162: require('lazy.stats')
008.971  000.138  000.138: require('lazy.core.util')
009.124  000.151  000.151: require('lazy.core.config')
009.462  000.167  000.167: require('lazy.core.handler')
010.081  000.240  000.240: require('lazy.pkg')
010.088  000.470  000.230: require('lazy.core.meta')
010.100  000.637  000.167: require('lazy.core.plugin')
010.118  000.992  000.188: require('lazy.core.loader')
010.582  000.162  000.162: require('lazy.core.fragments')
011.724  000.178  000.178: require('lazy.core.handler.cmd')
011.932  000.205  000.205: require('lazy.core.handler.event')
012.066  000.132  000.132: require('lazy.core.handler.keys')
012.253  000.185  000.185: require('lazy.core.handler.ft')
012.835  000.310  000.310: sourcing /opt/homebrew/Cellar/neovim/0.10.3/share/nvim/runtime/filetype.lua
014.832  001.942  001.942: require('onedark')
015.972  000.158  000.158: require('onedark')
017.241  000.292  000.292: require('onedark.palette')
017.615  000.944  000.652: require('onedark.colors')
017.821  000.186  000.186: require('onedark.util')
017.876  001.537  000.407: require('onedark.highlights')
019.607  000.122  000.122: require('onedark.terminal')
019.616  003.905  002.089: sourcing /Users/ahzam/.local/share/nvim/lazy/onedark.nvim/colors/onedark.lua
020.146  000.108  000.108: require('nvim-tree.log')
020.538  000.113  000.113: require('nvim-tree.notify')
020.541  000.219  000.106: require('nvim-tree.events')
020.761  000.103  000.103: require('nvim-tree.iterators.node-iterator')
020.792  000.250  000.147: require('nvim-tree.utils')
020.802  000.653  000.184: require('nvim-tree.view')
021.352  000.146  000.146: require('nvim-tree.core')
021.556  000.098  000.098: require('nvim-tree.git.utils')
021.651  000.094  000.094: require('nvim-tree.renderer.components.devicons')
021.854  000.107  000.107: require('nvim-tree.classic')
021.859  000.206  000.099: require('nvim-tree.node')
021.864  000.510  000.112: require('nvim-tree.node.directory')
021.866  000.768  000.112: require('nvim-tree.actions.finders.find-file')
021.964  000.097  000.097: require('nvim-tree.actions.finders.search-node')
021.966  000.975  000.110: require('nvim-tree.actions.finders')
022.266  000.111  000.111: require('nvim-tree.node.file')
022.268  000.207  000.096: require('nvim-tree.actions.fs.create-file')
022.466  000.097  000.097: require('nvim-tree.lib')
022.660  000.100  000.100: require('nvim-tree.node.link')
022.666  000.199  000.098: require('nvim-tree.node.directory-link')
022.669  000.399  000.104: require('nvim-tree.actions.fs.remove-file')
022.768  000.098  000.098: require('nvim-tree.actions.fs.rename-file')
022.868  000.098  000.098: require('nvim-tree.actions.fs.trash')
022.869  000.902  000.100: require('nvim-tree.actions.fs')
023.209  000.135  000.135: require('nvim-tree.diagnostics')
023.212  000.242  000.107: require('nvim-tree.actions.moves.item')
023.315  000.102  000.102: require('nvim-tree.actions.moves.parent')
023.420  000.103  000.103: require('nvim-tree.actions.moves.sibling')
023.421  000.551  000.103: require('nvim-tree.actions.moves')
023.694  000.114  000.114: require('nvim-tree.actions.node.file-popup')
023.836  000.140  000.140: require('nvim-tree.actions.node.open-file')
023.944  000.107  000.107: require('nvim-tree.actions.node.run-command')
024.101  000.155  000.155: require('nvim-tree.actions.node.system-open')
024.209  000.107  000.107: require('nvim-tree.actions.node.buffer')
024.211  000.788  000.165: require('nvim-tree.actions.node')
024.422  000.111  000.111: require('nvim-tree.actions.root.change-dir')
024.523  000.100  000.100: require('nvim-tree.actions.root.dir-up')
024.525  000.313  000.102: require('nvim-tree.actions.root')
024.788  000.157  000.157: require('nvim-tree.actions.tree.find-file')
025.034  000.107  000.107: require('nvim-tree.actions.tree.modifiers.collapse-all')
025.149  000.114  000.114: require('nvim-tree.actions.tree.modifiers.expand-all')
025.151  000.361  000.140: require('nvim-tree.actions.tree.modifiers')
025.255  000.103  000.103: require('nvim-tree.actions.tree.open')
025.363  000.106  000.106: require('nvim-tree.actions.tree.toggle')
025.467  000.103  000.103: require('nvim-tree.actions.tree.resize')
025.469  000.943  000.113: require('nvim-tree.actions.tree')
025.471  004.668  000.195: require('nvim-tree.actions')
025.902  000.066  000.066: require('vim.F')
026.119  000.594  000.528: require('vim.diagnostic')
026.149  006.493  000.469: require('nvim-tree')
026.283  000.112  000.112: require('nvim-tree.legacy')
027.062  000.122  000.122: require('nvim-tree.keymap')
027.257  000.193  000.193: require('nvim-tree.appearance')
027.770  000.104  000.104: require('nvim-tree.buffers')
028.004  000.109  000.109: require('nvim-tree.git.runner')
028.116  000.110  000.110: require('nvim-tree.watcher')
028.121  000.349  000.131: require('nvim-tree.git')
028.312  000.099  000.099: require('nvim-tree.node.file-link')
028.315  000.193  000.095: require('nvim-tree.node.factory')
028.409  000.092  000.092: require('nvim-tree.node.root')
028.603  000.095  000.095: require('nvim-tree.enum')
028.607  000.197  000.101: require('nvim-tree.explorer.filters')
028.771  000.163  000.163: require('nvim-tree.marks')
028.983  000.210  000.210: require('nvim-tree.explorer.live-filter')
029.252  000.268  000.268: require('nvim-tree.explorer.sorter')
029.448  000.195  000.195: require('nvim-tree.actions.fs.clipboard')
029.892  000.139  000.139: require('nvim-tree.renderer.decorator')
029.903  000.243  000.104: require('nvim-tree.renderer.decorator.bookmarks')
030.000  000.096  000.096: require('nvim-tree.renderer.decorator.copied')
030.093  000.092  000.092: require('nvim-tree.renderer.decorator.cut')
030.192  000.098  000.098: require('nvim-tree.renderer.decorator.diagnostics')
030.296  000.103  000.103: require('nvim-tree.renderer.decorator.git')
030.390  000.093  000.093: require('nvim-tree.renderer.decorator.hidden')
030.497  000.105  000.105: require('nvim-tree.renderer.decorator.modified')
030.589  000.091  000.091: require('nvim-tree.renderer.decorator.opened')
030.678  000.088  000.088: require('nvim-tree.renderer.decorator.user')
030.772  000.092  000.092: require('nvim-tree.renderer.components.padding')
030.777  001.221  000.121: require('nvim-tree.renderer.builder')
030.781  001.331  000.110: require('nvim-tree.renderer')
030.787  003.279  000.176: require('nvim-tree.explorer')
030.881  000.093  000.093: require('nvim-tree.explorer.watch')
031.134  000.096  000.096: require('nvim-tree.renderer.components.full-name')
031.137  000.249  000.153: require('nvim-tree.renderer.components')
031.250  000.108  000.108: require('nvim-tree.help')
031.474  000.111  000.111: require('nvim-tree.appearance.hi-test')
031.691  000.440  000.329: require('nvim-tree.api')
031.851  000.138  000.138: require('nvim-tree.commands')
032.823  000.112  000.112: require('Comment.config')
033.142  000.200  000.200: require('Comment.ft')
033.147  000.323  000.122: require('Comment.utils')
033.263  000.115  000.115: require('Comment.opfunc')
033.371  000.106  000.106: require('Comment.extra')
033.375  001.134  000.478: require('Comment.api')
033.529  001.346  000.212: sourcing /Users/ahzam/.local/share/nvim/lazy/Comment.nvim/plugin/Comment.lua
033.716  000.105  000.105: require('Comment')
034.402  000.326  000.326: sourcing /Users/ahzam/.local/share/nvim/lazy/vim-sleuth/plugin/sleuth.vim
034.717  000.124  000.124: sourcing /opt/homebrew/Cellar/neovim/0.10.3/share/nvim/runtime/plugin/editorconfig.lua
034.888  000.114  000.114: sourcing /opt/homebrew/Cellar/neovim/0.10.3/share/nvim/runtime/plugin/gzip.vim
035.017  000.073  000.073: sourcing /opt/homebrew/Cellar/neovim/0.10.3/share/nvim/runtime/plugin/man.lua
035.632  000.151  000.151: sourcing /opt/homebrew/Cellar/neovim/0.10.3/share/nvim/runtime/pack/dist/opt/matchit/plugin/matchit.vim
035.645  000.570  000.420: sourcing /opt/homebrew/Cellar/neovim/0.10.3/share/nvim/runtime/plugin/matchit.vim
035.820  000.120  000.120: sourcing /opt/homebrew/Cellar/neovim/0.10.3/share/nvim/runtime/plugin/matchparen.vim
036.113  000.236  000.236: sourcing /opt/homebrew/Cellar/neovim/0.10.3/share/nvim/runtime/plugin/netrwPlugin.vim
036.237  000.061  000.061: sourcing /opt/homebrew/Cellar/neovim/0.10.3/share/nvim/runtime/plugin/osc52.lua
036.448  000.007  000.007: sourcing /Users/ahzam/.local/share/nvim/rplugin.vim
036.453  000.152  000.144: sourcing /opt/homebrew/Cellar/neovim/0.10.3/share/nvim/runtime/plugin/rplugin.vim
036.562  000.046  000.046: sourcing /opt/homebrew/Cellar/neovim/0.10.3/share/nvim/runtime/plugin/shada.vim
036.652  000.013  000.013: sourcing /opt/homebrew/Cellar/neovim/0.10.3/share/nvim/runtime/plugin/spellfile.vim
036.780  000.064  000.064: sourcing /opt/homebrew/Cellar/neovim/0.10.3/share/nvim/runtime/plugin/tarPlugin.vim
036.903  000.060  000.060: sourcing /opt/homebrew/Cellar/neovim/0.10.3/share/nvim/runtime/plugin/tohtml.lua
036.985  000.012  000.012: sourcing /opt/homebrew/Cellar/neovim/0.10.3/share/nvim/runtime/plugin/tutor.vim
037.144  000.090  000.090: sourcing /opt/homebrew/Cellar/neovim/0.10.3/share/nvim/runtime/plugin/zipPlugin.vim
037.251  032.017  006.185: sourcing /Users/ahzam/.config/nvim/init.lua
037.268  001.403: sourcing vimrc file(s)
037.575  000.048  000.048: sourcing /opt/homebrew/Cellar/neovim/0.10.3/share/nvim/runtime/filetype.lua
037.808  000.051  000.051: sourcing /opt/homebrew/Cellar/neovim/0.10.3/share/nvim/runtime/syntax/synload.vim
037.864  000.203  000.152: sourcing /opt/homebrew/Cellar/neovim/0.10.3/share/nvim/runtime/syntax/syntax.vim
037.870  000.351: inits 3
039.344  001.473: reading ShaDa
039.406  000.062: opening buffers
039.439  000.033: BufEnter autocommands
039.444  000.004: editing files in windows
039.477  000.033: VimEnter autocommands
039.496  000.020: UIEnter autocommands
039.772  000.173  000.173: sourcing /opt/homebrew/Cellar/neovim/0.10.3/share/nvim/runtime/autoload/provider/clipboard.vim
039.777  000.107: before starting main loop
040.142  000.365: first screen update
040.143  000.001: --- NVIM STARTED ---

--- Startup times for process: Primary/TUI ---

times in msec
 clock   self+sourced   self:  sourced script
 clock   elapsed:              other lines

000.001  000.001: --- NVIM STARTING ---
000.082  000.081: event init
000.256  000.174: early init
000.769  000.513: locale set
000.823  000.054: init first window
001.213  000.390: inits 1
001.223  000.010: window checked
001.226  000.003: parsing arguments
001.719  000.036  000.036: require('vim.shared')
001.795  000.038  000.038: require('vim.inspect')
001.840  000.034  000.034: require('vim._options')
001.842  000.120  000.048: require('vim._editor')
001.844  000.224  000.068: require('vim._init_packages')
001.846  000.396: init lua interpreter
002.260  000.415: --- NVIM STARTED ---

--- Startup times for process: Embedded ---

times in msec
 clock   self+sourced   self:  sourced script
 clock   elapsed:              other lines

000.000  000.000: --- NVIM STARTING ---
000.049  000.049: event init
000.145  000.097: early init
000.464  000.318: locale set
000.494  000.031: init first window
000.733  000.238: inits 1
000.745  000.012: window checked
000.747  000.003: parsing arguments
001.126  000.029  000.029: require('vim.shared')
001.190  000.031  000.031: require('vim.inspect')
001.228  000.028  000.028: require('vim._options')
001.229  000.101  000.041: require('vim._editor')
001.231  000.183  000.053: require('vim._init_packages')
001.232  000.302: init lua interpreter
002.836  001.604: expanding arguments
002.846  000.010: inits 2
003.080  000.234: init highlight
003.081  000.001: waiting for UI
003.194  000.114: done waiting for UI
003.202  000.007: clear screen
003.266  000.006  000.006: require('vim.keymap')
003.816  000.612  000.605: require('vim._defaults')
003.817  000.004: init default mappings & autocommands
004.873  000.054  000.054: sourcing /opt/homebrew/Cellar/neovim/0.10.3/share/nvim/runtime/ftplugin.vim
005.058  000.024  000.024: sourcing /opt/homebrew/Cellar/neovim/0.10.3/share/nvim/runtime/indent.vim
006.039  000.037  000.037: require('vim.fs')
006.373  000.330  000.330: require('vim.uri')
006.384  000.410  000.042: require('vim.loader')
008.462  002.025  002.025: require('lazy')
008.488  000.012  000.012: require('ffi')
008.619  000.127  000.127: require('lazy.stats')
008.792  000.136  000.136: require('lazy.core.util')
008.941  000.147  000.147: require('lazy.core.config')
009.304  000.167  000.167: require('lazy.core.handler')
009.815  000.222  000.222: require('lazy.pkg')
009.822  000.374  000.152: require('lazy.core.meta')
009.838  000.533  000.159: require('lazy.core.plugin')
009.860  000.918  000.218: require('lazy.core.loader')
010.617  000.171  000.171: require('lazy.core.fragments')
012.183  000.174  000.174: require('lazy.core.handler.cmd')
012.410  000.224  000.224: require('lazy.core.handler.keys')
012.657  000.118  000.118: require('lazy.core.handler.event')
012.659  000.246  000.128: require('lazy.core.handler.ft')
013.016  000.223  000.223: sourcing /opt/homebrew/Cellar/neovim/0.10.3/share/nvim/runtime/filetype.lua
015.839  002.738  002.738: require('onedark')
017.030  000.194  000.194: require('onedark')
018.339  000.430  000.430: require('onedark.palette')
018.469  000.754  000.325: require('onedark.colors')
018.587  000.114  000.114: require('onedark.util')
018.702  001.307  000.439: require('onedark.highlights')
020.424  000.123  000.123: require('onedark.terminal')
020.432  003.725  002.101: sourcing /Users/ahzam/.local/share/nvim/lazy/onedark.nvim/colors/onedark.lua
021.197  000.148  000.148: require('nvim-tree.log')
021.672  000.146  000.146: require('nvim-tree.notify')
021.676  000.263  000.117: require('nvim-tree.events')
022.013  000.157  000.157: require('nvim-tree.iterators.node-iterator')
022.042  000.365  000.207: require('nvim-tree.utils')
022.056  000.857  000.229: require('nvim-tree.view')
022.459  000.098  000.098: require('nvim-tree.core')
022.674  000.099  000.099: require('nvim-tree.git.utils')
022.768  000.093  000.093: require('nvim-tree.renderer.components.devicons')
023.009  000.113  000.113: require('nvim-tree.classic')
023.014  000.244  000.131: require('nvim-tree.node')
023.020  000.560  000.123: require('nvim-tree.node.directory')
023.022  000.766  000.108: require('nvim-tree.actions.finders.find-file')
023.120  000.097  000.097: require('nvim-tree.actions.finders.search-node')
023.122  000.967  000.104: require('nvim-tree.actions.finders')
023.455  000.096  000.096: require('nvim-tree.node.file')
023.457  000.193  000.096: require('nvim-tree.actions.fs.create-file')
023.676  000.121  000.121: require('nvim-tree.lib')
023.902  000.122  000.122: require('nvim-tree.node.link')
023.927  000.250  000.127: require('nvim-tree.node.directory-link')
023.931  000.472  000.102: require('nvim-tree.actions.fs.remove-file')
024.058  000.126  000.126: require('nvim-tree.actions.fs.rename-file')
024.220  000.161  000.161: require('nvim-tree.actions.fs.trash')
024.223  001.099  000.148: require('nvim-tree.actions.fs')
024.743  000.225  000.225: require('nvim-tree.diagnostics')
024.746  000.377  000.152: require('nvim-tree.actions.moves.item')
024.860  000.113  000.113: require('nvim-tree.actions.moves.parent')
024.961  000.100  000.100: require('nvim-tree.actions.moves.sibling')
024.962  000.738  000.149: require('nvim-tree.actions.moves')
025.224  000.161  000.161: require('nvim-tree.actions.node.file-popup')
025.369  000.143  000.143: require('nvim-tree.actions.node.open-file')
025.478  000.106  000.106: require('nvim-tree.actions.node.run-command')
025.587  000.107  000.107: require('nvim-tree.actions.node.system-open')
025.690  000.102  000.102: require('nvim-tree.actions.node.buffer')
025.692  000.728  000.108: require('nvim-tree.actions.node')
025.905  000.112  000.112: require('nvim-tree.actions.root.change-dir')
026.025  000.119  000.119: require('nvim-tree.actions.root.dir-up')
026.026  000.333  000.102: require('nvim-tree.actions.root')
026.369  000.169  000.169: require('nvim-tree.actions.tree.find-file')
026.747  000.186  000.186: require('nvim-tree.actions.tree.modifiers.collapse-all')
026.963  000.215  000.215: require('nvim-tree.actions.tree.modifiers.expand-all')
026.965  000.595  000.193: require('nvim-tree.actions.tree.modifiers')
027.085  000.118  000.118: require('nvim-tree.actions.tree.open')
027.198  000.111  000.111: require('nvim-tree.actions.tree.toggle')
027.290  000.091  000.091: require('nvim-tree.actions.tree.resize')
027.292  001.252  000.169: require('nvim-tree.actions.tree')
027.294  005.237  000.118: require('nvim-tree.actions')
027.485  000.005  000.005: require('vim.F')
027.517  000.216  000.212: require('vim.diagnostic')
027.532  007.033  000.575: require('nvim-tree')
027.649  000.096  000.096: require('nvim-tree.legacy')
028.276  000.113  000.113: require('nvim-tree.keymap')
028.506  000.228  000.228: require('nvim-tree.appearance')
028.990  000.092  000.092: require('nvim-tree.buffers')
029.199  000.101  000.101: require('nvim-tree.git.runner')
029.300  000.099  000.099: require('nvim-tree.watcher')
029.305  000.313  000.113: require('nvim-tree.git')
029.552  000.102  000.102: require('nvim-tree.node.file-link')
029.554  000.248  000.146: require('nvim-tree.node.factory')
029.666  000.111  000.111: require('nvim-tree.node.root')
029.857  000.089  000.089: require('nvim-tree.enum')
029.861  000.193  000.103: require('nvim-tree.explorer.filters')
029.965  000.104  000.104: require('nvim-tree.marks')
030.070  000.104  000.104: require('nvim-tree.explorer.live-filter')
030.211  000.139  000.139: require('nvim-tree.explorer.sorter')
030.337  000.124  000.124: require('nvim-tree.actions.fs.clipboard')
030.777  000.097  000.097: require('nvim-tree.renderer.decorator')
030.794  000.256  000.159: require('nvim-tree.renderer.decorator.bookmarks')
030.891  000.095  000.095: require('nvim-tree.renderer.decorator.copied')
030.983  000.090  000.090: require('nvim-tree.renderer.decorator.cut')
031.091  000.107  000.107: require('nvim-tree.renderer.decorator.diagnostics')
031.194  000.102  000.102: require('nvim-tree.renderer.decorator.git')
031.290  000.094  000.094: require('nvim-tree.renderer.decorator.hidden')
031.383  000.092  000.092: require('nvim-tree.renderer.decorator.modified')
031.475  000.091  000.091: require('nvim-tree.renderer.decorator.opened')
031.594  000.118  000.118: require('nvim-tree.renderer.decorator.user')
031.740  000.144  000.144: require('nvim-tree.renderer.components.padding')
031.746  001.309  000.119: require('nvim-tree.renderer.builder')
031.749  001.411  000.102: require('nvim-tree.renderer')
031.756  002.994  000.156: require('nvim-tree.explorer')
031.849  000.092  000.092: require('nvim-tree.explorer.watch')
032.078  000.118  000.118: require('nvim-tree.renderer.components.full-name')
032.081  000.225  000.107: require('nvim-tree.renderer.components')
032.215  000.127  000.127: require('nvim-tree.help')
032.477  000.134  000.134: require('nvim-tree.appearance.hi-test')
032.576  000.360  000.227: require('nvim-tree.api')
032.721  000.124  000.124: require('nvim-tree.commands')
033.581  000.121  000.121: require('Comment.config')
033.917  000.206  000.206: require('Comment.ft')
033.922  000.340  000.134: require('Comment.utils')
034.033  000.109  000.109: require('Comment.opfunc')
034.139  000.104  000.104: require('Comment.extra')
034.142  001.067  000.392: require('Comment.api')
034.334  001.319  000.252: sourcing /Users/ahzam/.local/share/nvim/lazy/Comment.nvim/plugin/Comment.lua
034.511  000.102  000.102: require('Comment')
035.143  000.327  000.327: sourcing /Users/ahzam/.local/share/nvim/lazy/vim-sleuth/plugin/sleuth.vim
035.426  000.121  000.121: sourcing /opt/homebrew/Cellar/neovim/0.10.3/share/nvim/runtime/plugin/editorconfig.lua
035.607  000.118  000.118: sourcing /opt/homebrew/Cellar/neovim/0.10.3/share/nvim/runtime/plugin/gzip.vim
035.799  000.136  000.136: sourcing /opt/homebrew/Cellar/neovim/0.10.3/share/nvim/runtime/plugin/man.lua
036.436  000.152  000.152: sourcing /opt/homebrew/Cellar/neovim/0.10.3/share/nvim/runtime/pack/dist/opt/matchit/plugin/matchit.vim
036.449  000.588  000.436: sourcing /opt/homebrew/Cellar/neovim/0.10.3/share/nvim/runtime/plugin/matchit.vim
036.630  000.125  000.125: sourcing /opt/homebrew/Cellar/neovim/0.10.3/share/nvim/runtime/plugin/matchparen.vim
036.919  000.228  000.228: sourcing /opt/homebrew/Cellar/neovim/0.10.3/share/nvim/runtime/plugin/netrwPlugin.vim
037.109  000.118  000.118: sourcing /opt/homebrew/Cellar/neovim/0.10.3/share/nvim/runtime/plugin/osc52.lua
037.330  000.008  000.008: sourcing /Users/ahzam/.local/share/nvim/rplugin.vim
037.335  000.157  000.149: sourcing /opt/homebrew/Cellar/neovim/0.10.3/share/nvim/runtime/plugin/rplugin.vim
037.457  000.050  000.050: sourcing /opt/homebrew/Cellar/neovim/0.10.3/share/nvim/runtime/plugin/shada.vim
037.545  000.014  000.014: sourcing /opt/homebrew/Cellar/neovim/0.10.3/share/nvim/runtime/plugin/spellfile.vim
037.680  000.067  000.067: sourcing /opt/homebrew/Cellar/neovim/0.10.3/share/nvim/runtime/plugin/tarPlugin.vim
037.860  000.103  000.103: sourcing /opt/homebrew/Cellar/neovim/0.10.3/share/nvim/runtime/plugin/tohtml.lua
037.943  000.012  000.012: sourcing /opt/homebrew/Cellar/neovim/0.10.3/share/nvim/runtime/plugin/tutor.vim
038.098  000.091  000.091: sourcing /opt/homebrew/Cellar/neovim/0.10.3/share/nvim/runtime/plugin/zipPlugin.vim
038.255  033.067  006.721: sourcing /Users/ahzam/.config/nvim/init.lua
038.261  001.299: sourcing vimrc file(s)
038.603  000.113  000.113: sourcing /opt/homebrew/Cellar/neovim/0.10.3/share/nvim/runtime/filetype.lua
038.837  000.051  000.051: sourcing /opt/homebrew/Cellar/neovim/0.10.3/share/nvim/runtime/syntax/synload.vim
038.893  000.204  000.153: sourcing /opt/homebrew/Cellar/neovim/0.10.3/share/nvim/runtime/syntax/syntax.vim
038.900  000.322: inits 3
040.382  001.482: reading ShaDa
040.443  000.060: opening buffers
040.521  000.078: BufEnter autocommands
040.523  000.002: editing files in windows
040.557  000.034: VimEnter autocommands
040.590  000.033: UIEnter autocommands
040.861  000.164  000.164: sourcing /opt/homebrew/Cellar/neovim/0.10.3/share/nvim/runtime/autoload/provider/clipboard.vim
040.866  000.112: before starting main loop
041.262  000.396: first screen update
041.264  000.003: --- NVIM STARTED ---

--- Startup times for process: Primary/TUI ---

times in msec
 clock   self+sourced   self:  sourced script
 clock   elapsed:              other lines

000.000  000.000: --- NVIM STARTING ---
000.072  000.072: event init
000.234  000.162: early init
000.643  000.409: locale set
000.679  000.036: init first window
000.991  000.312: inits 1
000.996  000.005: window checked
001.000  000.003: parsing arguments
001.408  000.031  000.031: require('vim.shared')
001.475  000.033  000.033: require('vim.inspect')
001.513  000.029  000.029: require('vim._options')
001.516  000.105  000.042: require('vim._editor')
001.517  000.192  000.055: require('vim._init_packages')
001.519  000.328: init lua interpreter
001.868  000.349: --- NVIM STARTED ---

--- Startup times for process: Embedded ---

times in msec
 clock   self+sourced   self:  sourced script
 clock   elapsed:              other lines

000.000  000.000: --- NVIM STARTING ---
000.044  000.043: event init
000.144  000.100: early init
000.473  000.329: locale set
000.502  000.029: init first window
000.746  000.244: inits 1
000.758  000.012: window checked
000.761  000.003: parsing arguments
001.141  000.029  000.029: require('vim.shared')
001.207  000.032  000.032: require('vim.inspect')
001.245  000.029  000.029: require('vim._options')
001.246  000.103  000.041: require('vim._editor')
001.247  000.176  000.044: require('vim._init_packages')
001.249  000.312: init lua interpreter
002.604  001.355: expanding arguments
002.652  000.048: inits 2
002.888  000.236: init highlight
002.888  000.001: waiting for UI
003.006  000.118: done waiting for UI
003.013  000.007: clear screen
003.077  000.009  000.009: require('vim.keymap')
003.644  000.628  000.619: require('vim._defaults')
003.646  000.005: init default mappings & autocommands
004.926  000.054  000.054: sourcing /opt/homebrew/Cellar/neovim/0.10.3/share/nvim/runtime/ftplugin.vim
005.133  000.024  000.024: sourcing /opt/homebrew/Cellar/neovim/0.10.3/share/nvim/runtime/indent.vim
005.544  000.271  000.271: sourcing /Users/ahzam/.config/nvim/init.lua
005.556  001.560: sourcing vimrc file(s)
011.637  000.872  000.872: sourcing /Users/ahzam/.local/share/nvim/site/pack/packer/start/vim-prettier/ftdetect/css.vim
011.852  000.149  000.149: sourcing /Users/ahzam/.local/share/nvim/site/pack/packer/start/vim-prettier/ftdetect/graphql.vim
012.316  000.402  000.402: sourcing /Users/ahzam/.local/share/nvim/site/pack/packer/start/vim-prettier/ftdetect/html.vim
012.426  000.056  000.056: sourcing /Users/ahzam/.local/share/nvim/site/pack/packer/start/vim-prettier/ftdetect/javascript.vim
012.525  000.043  000.043: sourcing /Users/ahzam/.local/share/nvim/site/pack/packer/start/vim-prettier/ftdetect/json.vim
012.725  000.149  000.149: sourcing /Users/ahzam/.local/share/nvim/site/pack/packer/start/vim-prettier/ftdetect/less.vim
012.859  000.081  000.081: sourcing /Users/ahzam/.local/share/nvim/site/pack/packer/start/vim-prettier/ftdetect/lua.vim
014.310  001.387  001.387: sourcing /Users/ahzam/.local/share/nvim/site/pack/packer/start/vim-prettier/ftdetect/markdown.vim
014.415  000.049  000.049: sourcing /Users/ahzam/.local/share/nvim/site/pack/packer/start/vim-prettier/ftdetect/php.vim
014.521  000.043  000.043: sourcing /Users/ahzam/.local/share/nvim/site/pack/packer/start/vim-prettier/ftdetect/ruby.vim
014.614  000.038  000.038: sourcing /Users/ahzam/.local/share/nvim/site/pack/packer/start/vim-prettier/ftdetect/scss.vim
014.703  000.037  000.037: sourcing /Users/ahzam/.local/share/nvim/site/pack/packer/start/vim-prettier/ftdetect/svelte.vim
014.793  000.039  000.039: sourcing /Users/ahzam/.local/share/nvim/site/pack/packer/start/vim-prettier/ftdetect/typescript.vim
014.880  000.035  000.035: sourcing /Users/ahzam/.local/share/nvim/site/pack/packer/start/vim-prettier/ftdetect/vue.vim
014.970  000.038  000.038: sourcing /Users/ahzam/.local/share/nvim/site/pack/packer/start/vim-prettier/ftdetect/xml.vim
015.066  000.044  000.044: sourcing /Users/ahzam/.local/share/nvim/site/pack/packer/start/vim-prettier/ftdetect/yaml.vim
015.340  000.125  000.125: sourcing /Applications/Ghostty.app/Contents/Resources/ghostty/../nvim/site/ftdetect/ghostty.vim
015.653  006.392  002.807: sourcing /opt/homebrew/Cellar/neovim/0.10.3/share/nvim/runtime/filetype.lua
016.582  000.063  000.063: sourcing /opt/homebrew/Cellar/neovim/0.10.3/share/nvim/runtime/syntax/synload.vim
016.656  000.879  000.817: sourcing /opt/homebrew/Cellar/neovim/0.10.3/share/nvim/runtime/syntax/syntax.vim
018.080  000.128  000.128: sourcing /opt/homebrew/Cellar/neovim/0.10.3/share/nvim/runtime/plugin/gzip.vim
018.829  000.150  000.150: sourcing /opt/homebrew/Cellar/neovim/0.10.3/share/nvim/runtime/pack/dist/opt/matchit/plugin/matchit.vim
018.871  000.737  000.587: sourcing /opt/homebrew/Cellar/neovim/0.10.3/share/nvim/runtime/plugin/matchit.vim
019.037  000.117  000.117: sourcing /opt/homebrew/Cellar/neovim/0.10.3/share/nvim/runtime/plugin/matchparen.vim
019.302  000.214  000.214: sourcing /opt/homebrew/Cellar/neovim/0.10.3/share/nvim/runtime/plugin/netrwPlugin.vim
019.521  000.008  000.008: sourcing /Users/ahzam/.local/share/nvim/rplugin.vim
019.527  000.162  000.154: sourcing /opt/homebrew/Cellar/neovim/0.10.3/share/nvim/runtime/plugin/rplugin.vim
019.630  000.047  000.047: sourcing /opt/homebrew/Cellar/neovim/0.10.3/share/nvim/runtime/plugin/shada.vim
019.704  000.013  000.013: sourcing /opt/homebrew/Cellar/neovim/0.10.3/share/nvim/runtime/plugin/spellfile.vim
019.842  000.081  000.081: sourcing /opt/homebrew/Cellar/neovim/0.10.3/share/nvim/runtime/plugin/tarPlugin.vim
019.914  000.012  000.012: sourcing /opt/homebrew/Cellar/neovim/0.10.3/share/nvim/runtime/plugin/tutor.vim
020.061  000.090  000.090: sourcing /opt/homebrew/Cellar/neovim/0.10.3/share/nvim/runtime/plugin/zipPlugin.vim
020.302  000.178  000.178: sourcing /opt/homebrew/Cellar/neovim/0.10.3/share/nvim/runtime/plugin/editorconfig.lua
020.567  000.206  000.206: sourcing /opt/homebrew/Cellar/neovim/0.10.3/share/nvim/runtime/plugin/man.lua
021.358  000.729  000.729: sourcing /opt/homebrew/Cellar/neovim/0.10.3/share/nvim/runtime/plugin/osc52.lua
021.513  000.081  000.081: sourcing /opt/homebrew/Cellar/neovim/0.10.3/share/nvim/runtime/plugin/tohtml.lua
021.539  005.917: loading rtp plugins
022.652  000.155  000.155: sourcing /Users/ahzam/.local/share/nvim/site/pack/packer/start/lsp-zero.nvim/plugin/lsp-zero.vim
023.016  000.140  000.140: sourcing /Users/ahzam/.local/share/nvim/site/pack/packer/start/LuaSnip/plugin/luasnip.vim
024.482  001.196  001.196: require('vim.filetype')
027.170  000.314  000.314: require('luasnip.util.types')
027.564  000.392  000.392: require('luasnip.util.ext_opts')
028.669  000.173  000.173: require('luasnip.session')
030.073  002.109  001.936: require('luasnip.util.util')
030.075  002.510  000.401: require('luasnip.extras.filetype_functions')
030.505  005.468  002.253: require('luasnip.config')
031.944  000.169  000.169: require('luasnip.session.snippet_collection.source')
031.954  000.492  000.323: require('luasnip.session.snippet_collection')
032.947  000.748  000.748: require('luasnip.util._builtin_vars')
032.978  001.022  000.274: require('luasnip.util.environ')
033.164  000.185  000.185: require('luasnip.util.extend_decorator')
033.572  000.161  000.161: require('luasnip.loaders._caches')
034.062  000.237  000.237: require('luasnip.util.path')
034.067  000.493  000.255: require('luasnip.loaders.util')
034.076  000.911  000.257: require('luasnip.loaders')
034.329  000.248  000.248: require('luasnip.util.log')
034.339  003.828  000.969: require('luasnip')
034.360  011.283  000.791: sourcing /Users/ahzam/.local/share/nvim/site/pack/packer/start/LuaSnip/plugin/luasnip.lua
035.740  000.254  000.254: sourcing /Users/ahzam/.local/share/nvim/site/pack/packer/start/nerdtree/autoload/nerdtree.vim
036.735  000.547  000.547: sourcing /Users/ahzam/.local/share/nvim/site/pack/packer/start/nerdtree/lib/nerdtree/path.vim
037.114  000.248  000.248: sourcing /Users/ahzam/.local/share/nvim/site/pack/packer/start/nerdtree/lib/nerdtree/menu_controller.vim
037.325  000.090  000.090: sourcing /Users/ahzam/.local/share/nvim/site/pack/packer/start/nerdtree/lib/nerdtree/menu_item.vim
037.565  000.112  000.112: sourcing /Users/ahzam/.local/share/nvim/site/pack/packer/start/nerdtree/lib/nerdtree/key_map.vim
037.855  000.169  000.169: sourcing /Users/ahzam/.local/share/nvim/site/pack/packer/start/nerdtree/lib/nerdtree/bookmark.vim
038.134  000.157  000.157: sourcing /Users/ahzam/.local/share/nvim/site/pack/packer/start/nerdtree/lib/nerdtree/tree_file_node.vim
038.594  000.330  000.330: sourcing /Users/ahzam/.local/share/nvim/site/pack/packer/start/nerdtree/lib/nerdtree/tree_dir_node.vim
038.873  000.157  000.157: sourcing /Users/ahzam/.local/share/nvim/site/pack/packer/start/nerdtree/lib/nerdtree/opener.vim
039.167  000.170  000.170: sourcing /Users/ahzam/.local/share/nvim/site/pack/packer/start/nerdtree/lib/nerdtree/creator.vim
039.377  000.058  000.058: sourcing /Users/ahzam/.local/share/nvim/site/pack/packer/start/nerdtree/lib/nerdtree/flag_set.vim
039.607  000.108  000.108: sourcing /Users/ahzam/.local/share/nvim/site/pack/packer/start/nerdtree/lib/nerdtree/nerdtree.vim
039.989  000.259  000.259: sourcing /Users/ahzam/.local/share/nvim/site/pack/packer/start/nerdtree/lib/nerdtree/ui.vim
040.151  000.040  000.040: sourcing /Users/ahzam/.local/share/nvim/site/pack/packer/start/nerdtree/lib/nerdtree/event.vim
040.324  000.051  000.051: sourcing /Users/ahzam/.local/share/nvim/site/pack/packer/start/nerdtree/lib/nerdtree/notifier.vim
041.017  000.555  000.555: sourcing /Users/ahzam/.local/share/nvim/site/pack/packer/start/nerdtree/autoload/nerdtree/ui_glue.vim
042.907  000.095  000.095: sourcing /Users/ahzam/.local/share/nvim/site/pack/packer/start/nerdtree/nerdtree_plugin/exec_menuitem.vim
044.370  000.139  000.139: sourcing /opt/homebrew/Cellar/neovim/0.10.3/share/nvim/runtime/autoload/provider/clipboard.vim
044.666  001.691  001.552: sourcing /Users/ahzam/.local/share/nvim/site/pack/packer/start/nerdtree/nerdtree_plugin/fs_menu.vim
044.788  000.054  000.054: sourcing /Users/ahzam/.local/share/nvim/site/pack/packer/start/nerdtree/nerdtree_plugin/vcs.vim
045.227  010.237  005.091: sourcing /Users/ahzam/.local/share/nvim/site/pack/packer/start/nerdtree/plugin/NERD_tree.vim
046.206  000.469  000.469: require('cmp.utils.api')
046.835  000.291  000.291: require('cmp.types.cmp')
047.652  000.417  000.417: require('cmp.utils.misc')
047.670  000.834  000.417: require('cmp.types.lsp')
047.825  000.153  000.153: require('cmp.types.vim')
047.827  001.619  000.341: require('cmp.types')
048.003  000.175  000.175: require('cmp.utils.highlight')
048.337  000.154  000.154: require('cmp.utils.debug')
048.343  000.339  000.185: require('cmp.utils.autocmd')
048.574  003.020  000.418: sourcing /Users/ahzam/.local/share/nvim/site/pack/packer/start/nvim-cmp/plugin/cmp.lua
051.044  000.042  000.042: require('vim.fs')
051.091  000.525  000.483: require('vim.lsp.log')
052.354  001.260  001.260: require('vim.lsp.protocol')
055.094  000.866  000.866: require('vim.lsp._snippet_grammar')
055.604  000.503  000.503: require('vim.highlight')
055.611  000.004  000.004: require('vim.F')
055.666  003.309  001.935: require('vim.lsp.util')
056.647  000.431  000.431: require('vim.lsp.sync')
056.652  000.983  000.552: require('vim.lsp._changetracking')
057.351  000.697  000.697: require('vim.lsp.rpc')
057.380  008.174  001.400: require('vim.lsp')
057.916  000.532  000.532: require('vim.version')
058.941  009.992  001.285: sourcing /Users/ahzam/.local/share/nvim/site/pack/packer/start/nvim-lspconfig/plugin/lspconfig.lua
061.182  000.284  000.284: require('nvim-treesitter.utils')
064.779  000.324  000.324: require('vim.treesitter.language')
065.163  000.382  000.382: require('vim.func')
065.925  000.758  000.758: require('vim.func._memoize')
065.948  002.287  000.822: require('vim.treesitter.query')
066.225  000.275  000.275: require('vim.treesitter._range')
066.235  003.616  001.054: require('vim.treesitter.languagetree')
066.240  004.236  000.620: require('vim.treesitter')
067.169  005.985  001.750: require('nvim-treesitter.parsers')
068.570  000.178  000.178: require('nvim-treesitter.compat')
069.278  000.440  000.440: require('nvim-treesitter.ts_utils')
069.284  000.712  000.272: require('nvim-treesitter.tsrange')
069.482  000.197  000.197: require('nvim-treesitter.caching')
069.494  001.507  000.420: require('nvim-treesitter.query')
069.515  002.047  000.540: require('nvim-treesitter.configs')
069.518  002.347  000.300: require('nvim-treesitter.info')
069.881  000.362  000.362: require('nvim-treesitter.shell_command_selectors')
069.903  009.943  000.964: require('nvim-treesitter.install')
070.103  000.199  000.199: require('nvim-treesitter.statusline')
070.423  000.318  000.318: require('nvim-treesitter.query_predicates')
070.425  010.748  000.288: require('nvim-treesitter')
070.888  011.374  000.626: sourcing /Users/ahzam/.local/share/nvim/site/pack/packer/start/nvim-treesitter/plugin/nvim-treesitter.lua
072.089  000.311  000.311: require('treesitter-context.config')
072.104  000.741  000.430: require('treesitter-context')
072.154  000.912  000.171: sourcing /Users/ahzam/.local/share/nvim/site/pack/packer/start/nvim-treesitter-context/plugin/treesitter-context.lua
072.952  000.375  000.375: require('nvim-treesitter-playground')
073.084  000.682  000.308: sourcing /Users/ahzam/.local/share/nvim/site/pack/packer/start/playground/plugin/nvim-treesitter-playground.lua
073.569  000.164  000.164: sourcing /Users/ahzam/.local/share/nvim/site/pack/packer/start/plenary.nvim/plugin/plenary.vim
074.325  000.384  000.384: sourcing /Users/ahzam/.local/share/nvim/site/pack/packer/start/telescope.nvim/plugin/telescope.lua
074.864  000.138  000.138: sourcing /Users/ahzam/.local/share/nvim/site/pack/packer/start/trouble.nvim/plugin/trouble.vim
075.260  000.198  000.198: sourcing /Users/ahzam/.local/share/nvim/site/pack/packer/start/undotree/plugin/undotree.vim
075.901  000.315  000.315: sourcing /Users/ahzam/.local/share/nvim/site/pack/packer/start/vim-prettier/plugin/prettier.vim
076.238  000.137  000.137: sourcing /Users/ahzam/.local/share/nvim/site/pack/packer/start/zen-mode.nvim/plugin/zen-mode.vim
076.376  005.707: loading packages
078.943  000.306  000.306: require('cmp.utils.char')
078.955  000.789  000.482: require('cmp.utils.str')
079.860  000.176  000.176: require('cmp.utils.buffer')
079.873  000.658  000.482: require('cmp.utils.keymap')
079.878  000.922  000.264: require('cmp.utils.feedkeys')
080.895  000.260  000.260: require('cmp.config.mapping')
081.072  000.176  000.176: require('cmp.utils.cache')
081.602  000.318  000.318: require('cmp.config.compare')
081.603  000.529  000.211: require('cmp.config.default')
081.613  001.365  000.400: require('cmp.config')
081.620  001.741  000.377: require('cmp.utils.async')
081.996  000.165  000.165: require('cmp.utils.pattern')
082.000  000.378  000.213: require('cmp.context')
083.271  000.311  000.311: require('cmp.matcher')
083.276  000.894  000.583: require('cmp.entry')
083.282  001.281  000.387: require('cmp.source')
083.775  000.176  000.176: require('cmp.utils.event')
084.530  000.171  000.171: require('cmp.utils.options')
084.534  000.513  000.342: require('cmp.utils.window')
084.536  000.760  000.247: require('cmp.view.docs_view')
085.017  000.479  000.479: require('cmp.view.custom_entries_view')
085.361  000.343  000.343: require('cmp.view.wildmenu_entries_view')
085.640  000.278  000.278: require('cmp.view.native_entries_view')
085.895  000.254  000.254: require('cmp.view.ghost_text_view')
085.902  002.619  000.329: require('cmp.view')
086.538  009.235  001.506: require('cmp.core')
086.779  000.172  000.172: require('cmp.config.sources')
086.944  000.163  000.163: require('cmp.config.window')
086.973  010.269  000.699: require('cmp')
087.932  000.160  000.160: require('cmp_buffer.timer')
087.935  000.476  000.316: require('cmp_buffer.buffer')
087.938  000.680  000.204: require('cmp_buffer.source')
087.939  000.965  000.284: require('cmp_buffer')
087.950  011.418  000.184: sourcing /Users/ahzam/.local/share/nvim/site/pack/packer/start/cmp-buffer/after/plugin/cmp_buffer.lua
088.871  000.260  000.260: require('cmp_nvim_lsp.source')
088.873  000.596  000.336: require('cmp_nvim_lsp')
088.882  000.763  000.167: sourcing /Users/ahzam/.local/share/nvim/site/pack/packer/start/cmp-nvim-lsp/after/plugin/cmp_nvim_lsp.lua
089.477  000.275  000.275: require('cmp_nvim_lua')
089.490  000.442  000.167: sourcing /Users/ahzam/.local/share/nvim/site/pack/packer/start/cmp-nvim-lua/after/plugin/cmp_nvim_lua.lua
090.013  000.306  000.306: require('cmp_path')
090.022  000.368  000.061: sourcing /Users/ahzam/.local/share/nvim/site/pack/packer/start/cmp-path/after/plugin/cmp_path.lua
090.510  000.262  000.262: require('cmp_luasnip')
090.559  000.371  000.109: sourcing /Users/ahzam/.local/share/nvim/site/pack/packer/start/cmp_luasnip/after/plugin/cmp_luasnip.lua
090.572  000.835: loading after plugins
090.578  000.006: inits 3
092.111  001.533: reading ShaDa
092.615  000.424  000.424: require('luasnip.loaders.from_lua')
093.028  000.390  000.390: require('luasnip.loaders.from_snipmate')
094.093  000.555  000.555: require('luasnip.util.jsonc')
094.098  001.059  000.504: require('luasnip.loaders.from_vscode')
096.490  000.296  000.296: require('trouble.config')
096.494  000.631  000.335: require('trouble.util')
096.694  000.199  000.199: require('trouble.providers.qf')
096.924  000.228  000.228: require('trouble.providers.telescope')
097.159  000.234  000.234: require('trouble.providers.lsp')
097.370  000.209  000.209: require('trouble.providers.diagnostic')
097.372  001.750  000.248: require('trouble.providers')
097.564  000.190  000.190: require('trouble.text')
097.740  000.174  000.174: require('trouble.folds')
097.742  002.394  000.280: require('trouble.renderer')
097.752  003.079  000.684: require('trouble.view')
097.936  000.183  000.183: require('trouble.colors')
099.833  001.871  001.871: require('vim.diagnostic')
099.865  005.732  000.599: require('trouble')
099.898  000.182: opening buffers
099.945  000.047: BufEnter autocommands
099.947  000.002: editing files in windows
099.968  000.021: --- NVIM STARTED ---

--- Startup times for process: Primary/TUI ---

times in msec
 clock   self+sourced   self:  sourced script
 clock   elapsed:              other lines

000.000  000.000: --- NVIM STARTING ---
001.228  001.228: event init
003.091  001.863: early init
003.549  000.458: locale set
004.673  001.124: init first window
007.205  002.532: inits 1
007.229  000.024: window checked
007.250  000.021: parsing arguments
008.323  000.029  000.029: require('vim.shared')
008.407  000.036  000.036: require('vim.inspect')
008.458  000.042  000.042: require('vim._options')
008.460  000.134  000.056: require('vim._editor')
008.461  000.238  000.075: require('vim._init_packages')
008.463  000.974: init lua interpreter
008.842  000.380: --- NVIM STARTED ---

--- Startup times for process: Embedded ---

times in msec
 clock   self+sourced   self:  sourced script
 clock   elapsed:              other lines

000.000  000.000: --- NVIM STARTING ---
000.047  000.047: event init
000.151  000.103: early init
000.492  000.341: locale set
000.523  000.031: init first window
000.761  000.238: inits 1
000.773  000.012: window checked
000.777  000.003: parsing arguments
001.201  000.030  000.030: require('vim.shared')
001.265  000.032  000.032: require('vim.inspect')
001.303  000.028  000.028: require('vim._options')
001.304  000.101  000.041: require('vim._editor')
001.306  000.186  000.056: require('vim._init_packages')
001.308  000.344: init lua interpreter
003.060  001.753: expanding arguments
003.084  000.024: inits 2
003.372  000.287: init highlight
003.373  000.001: waiting for UI
003.601  000.228: done waiting for UI
003.605  000.004: clear screen
004.139  000.168  000.168: require('vim.keymap')
006.301  002.694  002.526: require('vim._defaults')
006.303  000.004: init default mappings & autocommands
008.517  000.394  000.394: sourcing /opt/homebrew/Cellar/neovim/0.10.3/share/nvim/runtime/ftplugin.vim
008.941  000.186  000.186: sourcing /opt/homebrew/Cellar/neovim/0.10.3/share/nvim/runtime/indent.vim
009.853  000.060  000.060: require('vim.fs')
010.357  000.499  000.499: require('vim.uri')
010.367  000.613  000.053: require('vim.loader')
011.892  001.394  001.394: require('lazy')
011.951  000.030  000.030: require('ffi')
012.279  000.323  000.323: require('lazy.stats')
012.747  000.422  000.422: require('lazy.core.util')
013.177  000.428  000.428: require('lazy.core.config')
013.782  000.291  000.291: require('lazy.core.handler')
014.895  000.327  000.327: require('lazy.pkg')
014.900  000.812  000.485: require('lazy.core.meta')
014.910  001.127  000.315: require('lazy.core.plugin')
014.917  001.739  000.321: require('lazy.core.loader')
015.986  000.308  000.308: require('lazy.core.fragments')
017.672  000.157  000.157: require('lazy.core.handler.event')
017.674  000.316  000.159: require('lazy.core.handler.ft')
017.875  000.198  000.198: require('lazy.core.handler.keys')
018.115  000.238  000.238: require('lazy.core.handler.cmd')
019.172  000.800  000.800: sourcing /opt/homebrew/Cellar/neovim/0.10.3/share/nvim/runtime/filetype.lua
021.957  002.637  002.637: require('onedark')
023.546  000.230  000.230: require('onedark')
025.599  000.349  000.349: require('onedark.palette')
025.953  000.956  000.607: require('onedark.colors')
026.200  000.242  000.242: require('onedark.util')
026.257  002.279  001.080: require('onedark.highlights')
028.015  000.221  000.221: require('onedark.terminal')
028.038  004.971  002.241: sourcing /Users/ahzam/.local/share/nvim/lazy/onedark.nvim/colors/onedark.lua
029.896  000.680  000.680: require('Comment.config')
030.360  000.280  000.280: require('Comment.ft')
030.364  000.466  000.186: require('Comment.utils')
030.505  000.139  000.139: require('Comment.opfunc')
030.632  000.125  000.125: require('Comment.extra')
030.635  001.992  000.582: require('Comment.api')
030.807  002.369  000.377: sourcing /Users/ahzam/.local/share/nvim/lazy/Comment.nvim/plugin/Comment.lua
031.017  000.135  000.135: require('Comment')
032.122  000.668  000.668: sourcing /Users/ahzam/.local/share/nvim/lazy/vim-sleuth/plugin/sleuth.vim
032.522  000.175  000.175: sourcing /opt/homebrew/Cellar/neovim/0.10.3/share/nvim/runtime/plugin/editorconfig.lua
032.800  000.220  000.220: sourcing /opt/homebrew/Cellar/neovim/0.10.3/share/nvim/runtime/plugin/gzip.vim
033.013  000.157  000.157: sourcing /opt/homebrew/Cellar/neovim/0.10.3/share/nvim/runtime/plugin/man.lua
033.896  000.317  000.317: sourcing /opt/homebrew/Cellar/neovim/0.10.3/share/nvim/runtime/pack/dist/opt/matchit/plugin/matchit.vim
033.912  000.841  000.523: sourcing /opt/homebrew/Cellar/neovim/0.10.3/share/nvim/runtime/plugin/matchit.vim
034.357  000.310  000.310: sourcing /opt/homebrew/Cellar/neovim/0.10.3/share/nvim/runtime/plugin/matchparen.vim
034.880  000.411  000.411: sourcing /opt/homebrew/Cellar/neovim/0.10.3/share/nvim/runtime/plugin/netrwPlugin.vim
035.112  000.166  000.166: sourcing /opt/homebrew/Cellar/neovim/0.10.3/share/nvim/runtime/plugin/osc52.lua
035.578  000.135  000.135: sourcing /Users/ahzam/.local/share/nvim/rplugin.vim
035.584  000.409  000.275: sourcing /opt/homebrew/Cellar/neovim/0.10.3/share/nvim/runtime/plugin/rplugin.vim
035.862  000.192  000.192: sourcing /opt/homebrew/Cellar/neovim/0.10.3/share/nvim/runtime/plugin/shada.vim
036.095  000.136  000.136: sourcing /opt/homebrew/Cellar/neovim/0.10.3/share/nvim/runtime/plugin/spellfile.vim
036.955  000.746  000.746: sourcing /opt/homebrew/Cellar/neovim/0.10.3/share/nvim/runtime/plugin/tarPlugin.vim
037.223  000.195  000.195: sourcing /opt/homebrew/Cellar/neovim/0.10.3/share/nvim/runtime/plugin/tohtml.lua
037.336  000.046  000.046: sourcing /opt/homebrew/Cellar/neovim/0.10.3/share/nvim/runtime/plugin/tutor.vim
037.551  000.134  000.134: sourcing /opt/homebrew/Cellar/neovim/0.10.3/share/nvim/runtime/plugin/zipPlugin.vim
037.660  028.574  006.846: sourcing /Users/ahzam/.config/nvim/init.lua
037.667  002.211: sourcing vimrc file(s)
037.960  000.055  000.055: sourcing /opt/homebrew/Cellar/neovim/0.10.3/share/nvim/runtime/filetype.lua
038.496  000.174  000.174: sourcing /opt/homebrew/Cellar/neovim/0.10.3/share/nvim/runtime/syntax/synload.vim
038.561  000.503  000.328: sourcing /opt/homebrew/Cellar/neovim/0.10.3/share/nvim/runtime/syntax/syntax.vim
038.569  000.344: inits 3
041.346  002.777: reading ShaDa
041.430  000.084: opening buffers
041.446  000.016: BufEnter autocommands
041.448  000.002: editing files in windows
041.468  000.021: --- NVIM STARTED ---

--- Startup times for process: Primary/TUI ---

times in msec
 clock   self+sourced   self:  sourced script
 clock   elapsed:              other lines

000.000  000.000: --- NVIM STARTING ---
000.082  000.081: event init
000.251  000.169: early init
000.781  000.530: locale set
000.825  000.044: init first window
001.217  000.392: inits 1
001.223  000.006: window checked
001.227  000.004: parsing arguments
001.717  000.035  000.035: require('vim.shared')
001.798  000.041  000.041: require('vim.inspect')
001.845  000.035  000.035: require('vim._options')
001.847  000.125  000.049: require('vim._editor')
001.848  000.198  000.038: require('vim._init_packages')
001.850  000.425: init lua interpreter
002.258  000.408: --- NVIM STARTED ---

--- Startup times for process: Embedded ---

times in msec
 clock   self+sourced   self:  sourced script
 clock   elapsed:              other lines

000.000  000.000: --- NVIM STARTING ---
000.042  000.042: event init
000.137  000.095: early init
000.442  000.305: locale set
000.468  000.026: init first window
000.707  000.239: inits 1
000.719  000.012: window checked
000.722  000.003: parsing arguments
001.097  000.030  000.030: require('vim.shared')
001.161  000.031  000.031: require('vim.inspect')
001.196  000.027  000.027: require('vim._options')
001.198  000.098  000.041: require('vim._editor')
001.199  000.181  000.053: require('vim._init_packages')
001.200  000.297: init lua interpreter
002.595  001.395: expanding arguments
002.605  000.010: inits 2
002.839  000.234: init highlight
002.840  000.001: waiting for UI
002.966  000.127: done waiting for UI
002.974  000.008: clear screen
003.034  000.006  000.006: require('vim.keymap')
003.596  000.619  000.614: require('vim._defaults')
003.598  000.004: init default mappings & autocommands
004.176  000.046  000.046: sourcing /opt/homebrew/Cellar/neovim/0.10.3/share/nvim/runtime/ftplugin.vim
004.271  000.023  000.023: sourcing /opt/homebrew/Cellar/neovim/0.10.3/share/nvim/runtime/indent.vim
005.153  000.049  000.049: require('vim.fs')
005.388  000.232  000.232: require('vim.uri')
005.398  000.330  000.049: require('vim.loader')
006.261  000.757  000.757: require('lazy')
006.312  000.038  000.038: require('ffi')
006.500  000.182  000.182: require('lazy.stats')
006.703  000.170  000.170: require('lazy.core.util')
006.866  000.162  000.162: require('lazy.core.config')
007.219  000.159  000.159: require('lazy.core.handler')
007.713  000.141  000.141: require('lazy.pkg')
007.718  000.346  000.205: require('lazy.core.meta')
007.723  000.503  000.157: require('lazy.core.plugin')
007.730  000.862  000.201: require('lazy.core.loader')
008.198  000.198  000.198: require('lazy.core.fragments')
010.164  000.236  000.236: require('lazy.core.handler.event')
010.167  000.427  000.192: require('lazy.core.handler.ft')
010.295  000.126  000.126: require('lazy.core.handler.keys')
010.406  000.107  000.107: require('lazy.core.handler.cmd')
010.859  000.231  000.231: sourcing /opt/homebrew/Cellar/neovim/0.10.3/share/nvim/runtime/filetype.lua
011.914  001.000  001.000: require('onedark')
013.158  000.139  000.139: require('onedark')
014.188  000.194  000.194: require('onedark.palette')
014.241  000.436  000.243: require('onedark.colors')
014.362  000.117  000.117: require('onedark.util')
014.468  000.941  000.388: require('onedark.highlights')
016.569  000.139  000.139: require('onedark.terminal')
016.577  003.680  002.461: sourcing /Users/ahzam/.local/share/nvim/lazy/onedark.nvim/colors/onedark.lua
017.420  000.161  000.161: require('Comment.config')
017.705  000.173  000.173: require('Comment.ft')
017.709  000.287  000.115: require('Comment.utils')
017.864  000.154  000.154: require('Comment.opfunc')
017.987  000.120  000.120: require('Comment.extra')
017.990  001.226  000.505: require('Comment.api')
018.188  001.476  000.250: sourcing /Users/ahzam/.local/share/nvim/lazy/Comment.nvim/plugin/Comment.lua
018.406  000.141  000.141: require('Comment')
019.116  000.346  000.346: sourcing /Users/ahzam/.local/share/nvim/lazy/vim-sleuth/plugin/sleuth.vim
019.416  000.063  000.063: sourcing /opt/homebrew/Cellar/neovim/0.10.3/share/nvim/runtime/plugin/editorconfig.lua
019.590  000.117  000.117: sourcing /opt/homebrew/Cellar/neovim/0.10.3/share/nvim/runtime/plugin/gzip.vim
019.708  000.062  000.062: sourcing /opt/homebrew/Cellar/neovim/0.10.3/share/nvim/runtime/plugin/man.lua
020.336  000.151  000.151: sourcing /opt/homebrew/Cellar/neovim/0.10.3/share/nvim/runtime/pack/dist/opt/matchit/plugin/matchit.vim
020.350  000.567  000.416: sourcing /opt/homebrew/Cellar/neovim/0.10.3/share/nvim/runtime/plugin/matchit.vim
020.530  000.121  000.121: sourcing /opt/homebrew/Cellar/neovim/0.10.3/share/nvim/runtime/plugin/matchparen.vim
020.814  000.228  000.228: sourcing /opt/homebrew/Cellar/neovim/0.10.3/share/nvim/runtime/plugin/netrwPlugin.vim
020.932  000.054  000.054: sourcing /opt/homebrew/Cellar/neovim/0.10.3/share/nvim/runtime/plugin/osc52.lua
021.154  000.008  000.008: sourcing /Users/ahzam/.local/share/nvim/rplugin.vim
021.159  000.157  000.149: sourcing /opt/homebrew/Cellar/neovim/0.10.3/share/nvim/runtime/plugin/rplugin.vim
021.268  000.047  000.047: sourcing /opt/homebrew/Cellar/neovim/0.10.3/share/nvim/runtime/plugin/shada.vim
021.349  000.014  000.014: sourcing /opt/homebrew/Cellar/neovim/0.10.3/share/nvim/runtime/plugin/spellfile.vim
021.478  000.065  000.065: sourcing /opt/homebrew/Cellar/neovim/0.10.3/share/nvim/runtime/plugin/tarPlugin.vim
021.601  000.060  000.060: sourcing /opt/homebrew/Cellar/neovim/0.10.3/share/nvim/runtime/plugin/tohtml.lua
021.676  000.012  000.012: sourcing /opt/homebrew/Cellar/neovim/0.10.3/share/nvim/runtime/plugin/tutor.vim
021.829  000.091  000.091: sourcing /opt/homebrew/Cellar/neovim/0.10.3/share/nvim/runtime/plugin/zipPlugin.vim
021.946  017.567  005.674: sourcing /Users/ahzam/.config/nvim/init.lua
021.952  000.718: sourcing vimrc file(s)
022.256  000.089  000.089: sourcing /opt/homebrew/Cellar/neovim/0.10.3/share/nvim/runtime/filetype.lua
022.486  000.049  000.049: sourcing /opt/homebrew/Cellar/neovim/0.10.3/share/nvim/runtime/syntax/synload.vim
022.540  000.199  000.150: sourcing /opt/homebrew/Cellar/neovim/0.10.3/share/nvim/runtime/syntax/syntax.vim
022.547  000.307: inits 3
023.887  001.339: reading ShaDa
023.947  000.060: opening buffers
023.960  000.013: BufEnter autocommands
023.962  000.002: editing files in windows
023.980  000.018: --- NVIM STARTED ---

